[2011-07-30 21:06:12] security.INFO: Populated SecurityContext with an anonymous Token [] []
[2011-07-30 21:06:12] request.ERROR: Symfony\Component\HttpKernel\Exception\NotFoundHttpException: No route found for "GET /~amndrc/__mr/web/bundles/sonataadmin/jquery/jquery.form.js" (uncaught exception) at /homez.307/amndrc/www/__mr/vendor/symfony/src/Symfony/Bundle/FrameworkBundle/EventListener/RouterListener.php line 88 [] []
[2011-07-30 21:06:12] security.INFO: Populated SecurityContext with an anonymous Token [] []
[2011-07-30 21:06:12] request.ERROR: Symfony\Component\HttpKernel\Exception\NotFoundHttpException: No route found for "GET /~amndrc/__mr/web/bundles/sonataadmin/qtip/jquery.qtip-1.0.0-rc3.min.js" (uncaught exception) at /homez.307/amndrc/www/__mr/vendor/symfony/src/Symfony/Bundle/FrameworkBundle/EventListener/RouterListener.php line 88 [] []
[2011-07-30 21:06:12] security.INFO: Populated SecurityContext with an anonymous Token [] []
[2011-07-30 21:06:12] request.ERROR: Symfony\Component\HttpKernel\Exception\NotFoundHttpException: No route found for "GET /~amndrc/__mr/web/bundles/sonatajquery/jquery-ui-1.8.6.custom.js" (uncaught exception) at /homez.307/amndrc/www/__mr/vendor/symfony/src/Symfony/Bundle/FrameworkBundle/EventListener/RouterListener.php line 88 [] []
[2011-07-30 21:06:12] security.INFO: Populated SecurityContext with an anonymous Token [] []
[2011-07-30 21:06:12] request.ERROR: Symfony\Component\HttpKernel\Exception\NotFoundHttpException: No route found for "GET /~amndrc/__mr/web/bundles/sonatajquery/jquery-ui-i18n.js" (uncaught exception) at /homez.307/amndrc/www/__mr/vendor/symfony/src/Symfony/Bundle/FrameworkBundle/EventListener/RouterListener.php line 88 [] []
[2011-07-30 21:06:13] security.INFO: Populated SecurityContext with an anonymous Token [] []
[2011-07-30 21:06:13] request.ERROR: Symfony\Component\HttpKernel\Exception\NotFoundHttpException: No route found for "GET /~amndrc/__mr/web/bundles/sonataadmin/famfamfam/add.png" (uncaught exception) at /homez.307/amndrc/www/__mr/app/cache/prod/classes.php line 4533 [] []
[2011-07-30 21:06:13] security.INFO: Populated SecurityContext with an anonymous Token [] []
[2011-07-30 21:06:13] request.ERROR: Symfony\Component\HttpKernel\Exception\NotFoundHttpException: No route found for "GET /~amndrc/__mr/web/bundles/sonataadmin/base.js" (uncaught exception) at /homez.307/amndrc/www/__mr/vendor/symfony/src/Symfony/Bundle/FrameworkBundle/EventListener/RouterListener.php line 88 [] []
[2011-07-30 21:06:13] security.INFO: Populated SecurityContext with an anonymous Token [] []
[2011-07-30 21:06:13] request.ERROR: Symfony\Component\HttpKernel\Exception\NotFoundHttpException: No route found for "GET /~amndrc/__mr/web/bundles/sonataadmin/famfamfam/application_view_list.png" (uncaught exception) at /homez.307/amndrc/www/__mr/app/cache/prod/classes.php line 4533 [] []
[2011-07-30 21:06:13] security.INFO: Populated SecurityContext with an anonymous Token [] []
[2011-07-30 21:06:13] request.ERROR: Symfony\Component\HttpKernel\Exception\NotFoundHttpException: No route found for "GET /~amndrc/__mr/web/bundles/sonataadmin/qtip/jquery.qtip-1.0.0-rc3.min.js" (uncaught exception) at /homez.307/amndrc/www/__mr/app/cache/prod/classes.php line 4533 [] []
[2011-07-30 21:06:15] security.INFO: Populated SecurityContext with an anonymous Token [] []
[2011-07-30 21:06:15] request.ERROR: Symfony\Component\HttpKernel\Exception\NotFoundHttpException: No route found for "GET /~amndrc/__mr/web/bundles/sonataadmin/jquery/jquery.form.js" (uncaught exception) at /homez.307/amndrc/www/__mr/app/cache/prod/classes.php line 4533 [] []
[2011-07-30 21:06:15] security.INFO: Populated SecurityContext with an anonymous Token [] []
[2011-07-30 21:06:16] request.ERROR: Symfony\Component\HttpKernel\Exception\NotFoundHttpException: No route found for "GET /~amndrc/__mr/web/bundles/sonataadmin/base.js" (uncaught exception) at /homez.307/amndrc/www/__mr/app/cache/prod/classes.php line 4533 [] []
[2011-07-30 21:06:17] security.INFO: Populated SecurityContext with an anonymous Token [] []
[2011-07-30 21:06:17] request.ERROR: Symfony\Component\HttpKernel\Exception\NotFoundHttpException: No route found for "GET /~amndrc/__mr/web/bundles/sonataadmin/famfamfam/application_view_list.png" (uncaught exception) at /homez.307/amndrc/www/__mr/app/cache/prod/classes.php line 4533 [] []
[2011-07-30 21:06:17] security.INFO: Populated SecurityContext with an anonymous Token [] []
[2011-07-30 21:06:17] request.ERROR: Symfony\Component\HttpKernel\Exception\NotFoundHttpException: No route found for "GET /~amndrc/__mr/web/bundles/sonataadmin/famfamfam/add.png" (uncaught exception) at /homez.307/amndrc/www/__mr/app/cache/prod/classes.php line 4533 [] []
[2011-07-30 21:08:32] security.INFO: Populated SecurityContext with an anonymous Token [] []
[2011-07-30 21:08:32] request.ERROR: Symfony\Component\HttpKernel\Exception\NotFoundHttpException: No route found for "GET /~amndrc/__mr/web/bundles/sonatajquery/themes/flick/jquery-ui-1.8.6.custom.css" (uncaught exception) at /homez.307/amndrc/www/__mr/app/cache/prod/classes.php line 4533 [] []
[2011-07-30 21:08:32] security.INFO: Populated SecurityContext with an anonymous Token [] []
[2011-07-30 21:08:32] request.ERROR: Symfony\Component\HttpKernel\Exception\NotFoundHttpException: No route found for "GET /~amndrc/__mr/web/bundles/sonatajquery/jquery-1.4.4.js" (uncaught exception) at /homez.307/amndrc/www/__mr/app/cache/prod/classes.php line 4533 [] []
[2011-07-30 21:08:32] security.INFO: Populated SecurityContext with an anonymous Token [] []
[2011-07-30 21:08:32] request.ERROR: Symfony\Component\HttpKernel\Exception\NotFoundHttpException: No route found for "GET /~amndrc/__mr/web/bundles/sonataadmin/css/layout.css" (uncaught exception) at /homez.307/amndrc/www/__mr/app/cache/prod/classes.php line 4533 [] []
[2011-07-30 21:08:32] security.INFO: Populated SecurityContext with an anonymous Token [] []
[2011-07-30 21:08:33] request.ERROR: Symfony\Component\HttpKernel\Exception\NotFoundHttpException: No route found for "GET /~amndrc/__mr/web/bundles/sonatablueprint/print.css" (uncaught exception) at /homez.307/amndrc/www/__mr/app/cache/prod/classes.php line 4533 [] []
[2011-07-30 21:08:33] security.INFO: Populated SecurityContext with an anonymous Token [] []
[2011-07-30 21:08:33] request.ERROR: Symfony\Component\HttpKernel\Exception\NotFoundHttpException: No route found for "GET /~amndrc/__mr/web/bundles/sonatablueprint/screen.css" (uncaught exception) at /homez.307/amndrc/www/__mr/app/cache/prod/classes.php line 4533 [] []
[2011-07-30 21:08:33] security.INFO: Populated SecurityContext with an anonymous Token [] []
[2011-07-30 21:08:33] request.ERROR: Symfony\Component\HttpKernel\Exception\NotFoundHttpException: No route found for "GET /~amndrc/__mr/web/bundles/sonataadmin/css/colors.css" (uncaught exception) at /homez.307/amndrc/www/__mr/app/cache/prod/classes.php line 4533 [] []
[2011-07-30 21:08:34] security.INFO: Populated SecurityContext with an anonymous Token [] []
[2011-07-30 21:08:34] request.ERROR: Symfony\Component\HttpKernel\Exception\NotFoundHttpException: No route found for "GET /~amndrc/__mr/web/bundles/sonatajquery/jquery-ui-i18n.js" (uncaught exception) at /homez.307/amndrc/www/__mr/app/cache/prod/classes.php line 4533 [] []
[2011-07-30 21:08:34] security.INFO: Populated SecurityContext with an anonymous Token [] []
[2011-07-30 21:08:34] request.ERROR: Symfony\Component\HttpKernel\Exception\NotFoundHttpException: No route found for "GET /~amndrc/__mr/web/bundles/sonataadmin/qtip/jquery.qtip-1.0.0-rc3.min.js" (uncaught exception) at /homez.307/amndrc/www/__mr/app/cache/prod/classes.php line 4533 [] []
[2011-07-30 21:08:34] security.INFO: Populated SecurityContext with an anonymous Token [] []
[2011-07-30 21:08:34] request.ERROR: Symfony\Component\HttpKernel\Exception\NotFoundHttpException: No route found for "GET /~amndrc/__mr/web/bundles/sonatajquery/jquery-ui-1.8.6.custom.js" (uncaught exception) at /homez.307/amndrc/www/__mr/app/cache/prod/classes.php line 4533 [] []
[2011-07-30 21:08:34] security.INFO: Populated SecurityContext with an anonymous Token [] []
[2011-07-30 21:08:34] request.ERROR: Symfony\Component\HttpKernel\Exception\NotFoundHttpException: No route found for "GET /~amndrc/__mr/web/bundles/sonataadmin/jquery/jquery.form.js" (uncaught exception) at /homez.307/amndrc/www/__mr/app/cache/prod/classes.php line 4533 [] []
[2011-07-30 21:08:34] security.INFO: Populated SecurityContext with an anonymous Token [] []
[2011-07-30 21:08:34] request.ERROR: Symfony\Component\HttpKernel\Exception\NotFoundHttpException: No route found for "GET /~amndrc/__mr/web/bundles/sonataadmin/base.js" (uncaught exception) at /homez.307/amndrc/www/__mr/app/cache/prod/classes.php line 4533 [] []
[2011-07-30 21:08:34] security.INFO: Populated SecurityContext with an anonymous Token [] []
[2011-07-30 21:08:34] request.ERROR: Symfony\Component\HttpKernel\Exception\NotFoundHttpException: No route found for "GET /~amndrc/__mr/web/bundles/sonataadmin/famfamfam/add.png" (uncaught exception) at /homez.307/amndrc/www/__mr/app/cache/prod/classes.php line 4533 [] []
[2011-07-30 21:08:35] security.INFO: Populated SecurityContext with an anonymous Token [] []
[2011-07-30 21:08:35] request.ERROR: Symfony\Component\HttpKernel\Exception\NotFoundHttpException: No route found for "GET /~amndrc/__mr/web/bundles/sonataadmin/famfamfam/application_view_list.png" (uncaught exception) at /homez.307/amndrc/www/__mr/app/cache/prod/classes.php line 4533 [] []
[2011-07-30 21:08:35] security.INFO: Populated SecurityContext with an anonymous Token [] []
[2011-07-30 21:08:35] request.ERROR: Symfony\Component\HttpKernel\Exception\NotFoundHttpException: No route found for "GET /~amndrc/__mr/web/bundles/sonatajquery/jquery-ui-i18n.js" (uncaught exception) at /homez.307/amndrc/www/__mr/app/cache/prod/classes.php line 4533 [] []
[2011-07-30 21:08:36] security.INFO: Populated SecurityContext with an anonymous Token [] []
[2011-07-30 21:08:36] request.ERROR: Symfony\Component\HttpKernel\Exception\NotFoundHttpException: No route found for "GET /~amndrc/__mr/web/bundles/sonataadmin/qtip/jquery.qtip-1.0.0-rc3.min.js" (uncaught exception) at /homez.307/amndrc/www/__mr/app/cache/prod/classes.php line 4533 [] []
[2011-07-30 21:08:37] security.INFO: Populated SecurityContext with an anonymous Token [] []
[2011-07-30 21:08:37] request.ERROR: Symfony\Component\HttpKernel\Exception\NotFoundHttpException: No route found for "GET /~amndrc/__mr/web/bundles/sonataadmin/jquery/jquery.form.js" (uncaught exception) at /homez.307/amndrc/www/__mr/app/cache/prod/classes.php line 4533 [] []
[2011-07-30 21:08:37] security.INFO: Populated SecurityContext with an anonymous Token [] []
[2011-07-30 21:08:37] request.ERROR: Symfony\Component\HttpKernel\Exception\NotFoundHttpException: No route found for "GET /~amndrc/__mr/web/bundles/sonataadmin/base.js" (uncaught exception) at /homez.307/amndrc/www/__mr/app/cache/prod/classes.php line 4533 [] []
[2011-07-30 21:08:38] security.INFO: Populated SecurityContext with an anonymous Token [] []
[2011-07-30 21:08:38] request.ERROR: Symfony\Component\HttpKernel\Exception\NotFoundHttpException: No route found for "GET /~amndrc/__mr/web/bundles/sonataadmin/famfamfam/add.png" (uncaught exception) at /homez.307/amndrc/www/__mr/app/cache/prod/classes.php line 4533 [] []
[2011-07-30 21:08:38] security.INFO: Populated SecurityContext with an anonymous Token [] []
[2011-07-30 21:08:38] request.ERROR: Symfony\Component\HttpKernel\Exception\NotFoundHttpException: No route found for "GET /~amndrc/__mr/web/bundles/sonataadmin/famfamfam/application_view_list.png" (uncaught exception) at /homez.307/amndrc/www/__mr/app/cache/prod/classes.php line 4533 [] []
[2011-10-17 03:50:47] security.INFO: Populated SecurityContext with an anonymous Token [] []
[2011-10-17 03:50:47] request.ERROR: Symfony\Component\HttpKernel\Exception\NotFoundHttpException: No route found for "HEAD /" (uncaught exception) at /homez.307/amndrc/www/__mr/vendor/symfony/src/Symfony/Bundle/FrameworkBundle/EventListener/RouterListener.php line 88 [] []
[2011-10-17 06:43:43] security.INFO: Populated SecurityContext with an anonymous Token [] []
[2011-10-17 06:43:43] request.ERROR: Symfony\Component\HttpKernel\Exception\NotFoundHttpException: No route found for "GET /" (uncaught exception) at /homez.307/amndrc/www/__mr/app/cache/prod/classes.php line 4533 [] []
[2011-10-17 10:17:34] security.INFO: Populated SecurityContext with an anonymous Token [] []
[2011-10-17 10:17:34] request.ERROR: Symfony\Component\HttpKernel\Exception\NotFoundHttpException: No route found for "GET /" (uncaught exception) at /homez.307/amndrc/www/__mr/app/cache/prod/classes.php line 4533 [] []
[2011-10-17 15:54:00] security.INFO: Populated SecurityContext with an anonymous Token [] []
[2011-10-17 15:54:00] request.ERROR: Symfony\Component\HttpKernel\Exception\NotFoundHttpException: No route found for "GET /" (uncaught exception) at /homez.307/amndrc/www/__mr/app/cache/prod/classes.php line 4533 [] []
[2011-10-18 18:22:15] security.INFO: Populated SecurityContext with an anonymous Token [] []
[2011-10-18 18:22:15] request.ERROR: Symfony\Component\HttpKernel\Exception\NotFoundHttpException: No route found for "GET /" (uncaught exception) at /homez.307/amndrc/www/__mr/app/cache/prod/classes.php line 4533 [] []
[2011-10-18 20:06:38] security.INFO: Populated SecurityContext with an anonymous Token [] []
[2011-10-18 20:06:39] request.ERROR: Symfony\Component\HttpKernel\Exception\NotFoundHttpException: No route found for "GET /" (uncaught exception) at /homez.307/amndrc/www/__mr/app/cache/prod/classes.php line 4533 [] []
[2011-10-18 20:06:48] security.INFO: Populated SecurityContext with an anonymous Token [] []
[2011-10-18 20:06:48] request.ERROR: Symfony\Component\HttpKernel\Exception\NotFoundHttpException: No route found for "GET /" (uncaught exception) at /homez.307/amndrc/www/__mr/app/cache/prod/classes.php line 4533 [] []
[2011-10-19 16:31:47] security.INFO: Populated SecurityContext with an anonymous Token [] []
[2011-10-19 16:31:47] request.ERROR: Symfony\Component\HttpKernel\Exception\NotFoundHttpException: No route found for "GET /" (uncaught exception) at /homez.307/amndrc/www/__mr/app/cache/prod/classes.php line 4533 [] []
[2011-10-19 17:15:45] security.INFO: Populated SecurityContext with an anonymous Token [] []
[2011-10-19 17:15:45] request.ERROR: Symfony\Component\HttpKernel\Exception\NotFoundHttpException: No route found for "GET /" (uncaught exception) at /homez.307/amndrc/www/__mr/app/cache/prod/classes.php line 4533 [] []
[2011-10-20 06:28:20] security.INFO: Populated SecurityContext with an anonymous Token [] []
[2011-10-20 06:28:20] request.ERROR: Symfony\Component\HttpKernel\Exception\NotFoundHttpException: No route found for "GET /" (uncaught exception) at /homez.307/amndrc/www/__mr/app/cache/prod/classes.php line 4533 [] []
[2011-10-22 17:32:16] security.INFO: Populated SecurityContext with an anonymous Token [] []
[2011-10-22 17:32:17] request.ERROR: Symfony\Component\HttpKernel\Exception\NotFoundHttpException: No route found for "GET /" (uncaught exception) at /homez.307/amndrc/www/__mr/app/cache/prod/classes.php line 4533 [] []
[2011-10-25 17:51:05] security.INFO: Populated SecurityContext with an anonymous Token [] []
[2011-10-25 17:51:05] request.ERROR: Symfony\Component\HttpKernel\Exception\NotFoundHttpException: No route found for "GET /" (uncaught exception) at /homez.307/amndrc/www/__mr/app/cache/prod/classes.php line 4533 [] []
[2011-10-28 18:04:52] security.INFO: Populated SecurityContext with an anonymous Token [] []
[2011-10-28 18:04:52] request.ERROR: Symfony\Component\HttpKernel\Exception\NotFoundHttpException: No route found for "GET /" (uncaught exception) at /homez.307/amndrc/www/__mr/app/cache/prod/classes.php line 4533 [] []
[2011-10-31 00:29:15] security.INFO: Populated SecurityContext with an anonymous Token [] []
[2011-10-31 00:29:15] request.ERROR: Symfony\Component\HttpKernel\Exception\NotFoundHttpException: No route found for "GET /" (uncaught exception) at /homez.307/amndrc/www/__mr/app/cache/prod/classes.php line 4533 [] []
[2011-10-31 17:15:01] security.INFO: Populated SecurityContext with an anonymous Token [] []
[2011-10-31 17:15:01] request.ERROR: Symfony\Component\HttpKernel\Exception\NotFoundHttpException: No route found for "GET /" (uncaught exception) at /homez.307/amndrc/www/__mr/app/cache/prod/classes.php line 4533 [] []
[2011-11-01 15:30:27] security.INFO: Populated SecurityContext with an anonymous Token [] []
[2011-11-01 15:30:27] request.ERROR: Symfony\Component\HttpKernel\Exception\NotFoundHttpException: No route found for "GET /" (uncaught exception) at /homez.307/amndrc/www/__mr/app/cache/prod/classes.php line 4533 [] []
[2011-11-01 16:49:04] security.INFO: Populated SecurityContext with an anonymous Token [] []
[2011-11-01 16:49:04] request.ERROR: Symfony\Component\HttpKernel\Exception\NotFoundHttpException: No route found for "GET /" (uncaught exception) at /homez.307/amndrc/www/__mr/app/cache/prod/classes.php line 4533 [] []
[2011-11-01 23:14:15] security.INFO: Populated SecurityContext with an anonymous Token [] []
[2011-11-01 23:14:15] request.ERROR: Symfony\Component\HttpKernel\Exception\NotFoundHttpException: No route found for "GET /" (uncaught exception) at /homez.307/amndrc/www/__mr/app/cache/prod/classes.php line 4533 [] []
[2011-11-03 02:13:04] security.INFO: Populated SecurityContext with an anonymous Token [] []
[2011-11-03 02:13:04] request.ERROR: Symfony\Component\HttpKernel\Exception\NotFoundHttpException: No route found for "GET /" (uncaught exception) at /homez.307/amndrc/www/__mr/app/cache/prod/classes.php line 4533 [] []
[2011-11-03 06:43:16] security.INFO: Populated SecurityContext with an anonymous Token [] []
[2011-11-03 06:43:16] request.ERROR: Symfony\Component\HttpKernel\Exception\NotFoundHttpException: No route found for "GET /" (uncaught exception) at /homez.307/amndrc/www/__mr/app/cache/prod/classes.php line 4533 [] []
[2011-11-04 14:13:24] security.INFO: Populated SecurityContext with an anonymous Token [] []
[2011-11-04 14:13:24] request.ERROR: Symfony\Component\HttpKernel\Exception\NotFoundHttpException: No route found for "GET /" (uncaught exception) at /homez.307/amndrc/www/__mr/app/cache/prod/classes.php line 4533 [] []
[2011-11-04 16:28:48] security.INFO: Populated SecurityContext with an anonymous Token [] []
[2011-11-04 16:28:48] request.ERROR: Symfony\Component\HttpKernel\Exception\NotFoundHttpException: No route found for "GET /" (uncaught exception) at /homez.307/amndrc/www/__mr/app/cache/prod/classes.php line 4533 [] []
